DEBUG:hydra.core.utils:Setting JobRuntime:name=UNKNOWN_NAME
DEBUG:hydra.core.utils:Setting JobRuntime:name=hydra_train
[2026-03-29 23:53:30,878][fairseq_cli.train][INFO] - {'_name': None, 'common': {'_name': None, 'no_progress_bar': False, 'log_interval': 10, 'log_format': 'json', 'log_file': None, 'aim_repo': None, 'aim_run_hash': None, 'tensorboard_logdir': None, 'wandb_project': None, 'azureml_logging': False, 'seed': 0, 'cpu': False, 'tpu': False, 'bf16': False, 'memory_efficient_bf16': False, 'fp16': False, 'memory_efficient_fp16': False, 'fp16_no_flatten_grads': False, 'fp16_init_scale': 128, 'fp16_scale_window': None, 'fp16_scale_tolerance': 0.0, 'on_cpu_convert_precision': False, 'min_loss_scale': 0.0001, 'threshold_loss_scale': None, 'amp': False, 'amp_batch_retries': 2, 'amp_init_scale': 128, 'amp_scale_window': None, 'user_dir': '/root/wav2vec_unsupervised/fairseq_/examples/wav2vec/unsupervised', 'empty_cache_freq': 0, 'all_gather_list_size': 16384, 'model_parallel_size': 1, 'quantization_config_path': None, 'profile': False, 'reset_logging': False, 'suppress_crashes': False, 'use_plasma_view': False, 'plasma_path': '/tmp/plasma'}, 'common_eval': {'_name': None, 'path': None, 'post_process': None, 'quiet': False, 'model_overrides': '{}', 'results_path': None}, 'distributed_training': {'_name': None, 'distributed_world_size': 1, 'distributed_num_procs': 1, 'distributed_rank': 0, 'distributed_backend': 'nccl', 'distributed_init_method': None, 'distributed_port': -1, 'device_id': 0, 'distributed_no_spawn': False, 'ddp_backend': 'pytorch_ddp', 'ddp_comm_hook': 'none', 'bucket_cap_mb': 25, 'fix_batches_to_gpus': False, 'find_unused_parameters': False, 'gradient_as_bucket_view': False, 'fast_stat_sync': False, 'heartbeat_timeout': -1, 'broadcast_buffers': False, 'slowmo_momentum': None, 'slowmo_base_algorithm': 'localsgd', 'localsgd_frequency': 3, 'nprocs_per_node': 1, 'pipeline_model_parallel': False, 'pipeline_balance': None, 'pipeline_devices': None, 'pipeline_chunks': 0, 'pipeline_encoder_balance': None, 'pipeline_encoder_devices': None, 'pipeline_decoder_balance': None, 'pipeline_decoder_devices': None, 'pipeline_checkpoint': 'never', 'zero_sharding': 'none', 'fp16': False, 'memory_efficient_fp16': False, 'tpu': False, 'no_reshard_after_forward': False, 'fp32_reduce_scatter': False, 'cpu_offload': False, 'use_sharded_state': False, 'not_fsdp_flatten_parameters': False}, 'dataset': {'_name': None, 'num_workers': 1, 'skip_invalid_size_inputs_valid_test': False, 'max_tokens': None, 'batch_size': 4, 'required_batch_size_multiple': 8, 'required_seq_len_multiple': 1, 'dataset_impl': None, 'data_buffer_size': 10, 'train_subset': 'train', 'valid_subset': 'dev', 'combine_valid_subsets': None, 'ignore_unused_valid_subsets': False, 'validate_interval': 1, 'validate_interval_updates': 0, 'validate_after_updates': 0, 'fixed_validation_seed': None, 'disable_validation': False, 'max_tokens_valid': None, 'batch_size_valid': 4, 'max_valid_steps': None, 'curriculum': 0, 'gen_subset': 'test', 'num_shards': 1, 'shard_id': 0, 'grouped_shuffling': False, 'update_epoch_batch_itr': False, 'update_ordered_indices_seed': False}, 'optimization': {'_name': None, 'max_epoch': 0, 'max_update': 2000, 'stop_time_hours': 0.0, 'clip_norm': 0.0, 'sentence_avg': False, 'update_freq': [1], 'lr': [0.0], 'stop_min_lr': -1.0, 'use_bmuf': False, 'skip_remainder_batch': False, 'debug_param_names': False}, 'checkpoint': {'_name': None, 'save_dir': '.', 'restore_file': 'checkpoint_last.pt', 'continue_once': None, 'finetune_from_model': None, 'reset_dataloader': False, 'reset_lr_scheduler': False, 'reset_meters': False, 'reset_optimizer': False, 'optimizer_overrides': '{}', 'save_interval': 500, 'save_interval_updates': 0, 'keep_interval_updates': -1, 'keep_interval_updates_pattern': -1, 'keep_last_epochs': -1, 'keep_best_checkpoints': -1, 'no_save': False, 'no_epoch_checkpoints': False, 'no_last_checkpoints': False, 'no_save_optimizer_state': False, 'best_checkpoint_metric': 'loss', 'maximize_best_checkpoint_metric': False, 'patience': -1, 'checkpoint_suffix': '', 'checkpoint_shard_count': 1, 'load_checkpoint_on_all_dp_ranks': False, 'write_checkpoints_asynchronously': False, 'model_parallel_size': 1}, 'bmuf': {'_name': None, 'block_lr': 1.0, 'block_momentum': 0.875, 'global_sync_iter': 50, 'warmup_iterations': 500, 'use_nbm': False, 'average_sync': False, 'distributed_world_size': 1}, 'generation': {'_name': None, 'beam': 5, 'beam_mt': 0, 'nbest': 1, 'max_len_a': 0.0, 'max_len_b': 200, 'max_len_a_mt': 0.0, 'max_len_b_mt': 200, 'min_len': 1, 'match_source_len': False, 'unnormalized': False, 'no_early_stop': False, 'no_beamable_mm': False, 'lenpen': 1.0, 'lenpen_mt': 1.0, 'unkpen': 0.0, 'replace_unk': None, 'sacrebleu': False, 'score_reference': False, 'prefix_size': 0, 'no_repeat_ngram_size': 0, 'sampling': False, 'sampling_topk': -1, 'sampling_topp': -1.0, 'constraints': None, 'temperature': 1.0, 'diverse_beam_groups': -1, 'diverse_beam_strength': 0.5, 'diversity_rate': -1.0, 'print_alignment': None, 'print_step': False, 'lm_path': None, 'lm_weight': 0.0, 'iter_decode_eos_penalty': 0.0, 'iter_decode_max_iter': 10, 'iter_decode_force_max_iter': False, 'iter_decode_with_beam': 1, 'iter_decode_with_external_reranker': False, 'retain_iter_history': False, 'retain_dropout': False, 'retain_dropout_modules': None, 'decoding_format': None, 'no_seed_provided': False, 'eos_token': None}, 'eval_lm': {'_name': None, 'output_word_probs': False, 'output_word_stats': False, 'context_window': 0, 'softmax_batch': 9223372036854775807}, 'interactive': {'_name': None, 'buffer_size': 0, 'input': '-'}, 'model': {'_name': 'wav2vec_u', 'input_dim': 512, 'batch_size': 4, 'smoothness_weight': 0.5, 'gradient_penalty': 1.5, 'code_penalty': 4.0, 'temp': '2.0,0.5,0.99'}, 'task': {'_name': 'unsupervised_speech', 'data': '/root/wav2vec_unsupervised/data_preparation/english_audio', 'text_data': '/root/wav2vec_unsupervised/data_preparation/english_text/unlabelled.txt', 'labels': 'phn', 'kenlm_path': '', 'sort_by_length': True}, 'criterion': {'_name': 'wav2vec_u_criterion'}, 'optimizer': {'_name': 'composite', 'groups': {'default': {'lr': [0.0001], 'optimizer': {'_name': 'adam', 'lr': [0.0001], 'adam_betas': [0.5, 0.98], 'weight_decay': 0}, 'lr_scheduler': {'_name': 'fixed', 'warmup_updates': 0}}, 'generator': {'lr': [0.0001], 'optimizer': {'_name': 'adam', 'lr': [0.0001], 'adam_betas': [0.5, 0.98], 'weight_decay': 0}, 'lr_scheduler': {'_name': 'fixed', 'warmup_updates': 0}}, 'discriminator': {'lr': [0.0001], 'optimizer': {'_name': 'adam', 'lr': [0.0001], 'adam_betas': [0.5, 0.98], 'weight_decay': 0.0001}, 'lr_scheduler': {'_name': 'fixed', 'warmup_updates': 0}}}, 'dynamic_groups': False}, 'lr_scheduler': {'_name': 'fixed', 'force_anneal': None, 'lr_shrink': 0.1, 'warmup_updates': 0, 'lr': [0.0]}, 'scoring': None, 'bpe': None, 'tokenizer': None, 'ema': {'_name': None, 'store_ema': False, 'ema_decay': 0.9999, 'ema_start_update': 0, 'ema_seed_model': None, 'ema_update_freq': 1, 'ema_fp32': False}, 'job_logging_cfg': {'version': 1, 'formatters': {'simple': {'format': '[%(asctime)s][%(name)s][%(levelname)s] - %(message)s'}}, 'handlers': {'console': {'class': 'logging.StreamHandler', 'formatter': 'simple', 'stream': 'ext://sys.stdout'}, 'file': {'class': 'logging.FileHandler', 'formatter': 'simple', 'filename': 'hydra_train.log'}}, 'root': {'level': 'INFO', 'handlers': ['console', 'file']}, 'disable_existing_loggers': False}}
[2026-03-29 23:53:31,399][fairseq_cli.train][INFO] - Wav2vec_U(
  (generator): Generator(
    (feature_extractor): Sequential(
      (0): Conv1d(1, 512, kernel_size=(400,), stride=(160,), padding=(200,))
      (1): ReLU()
      (2): Conv1d(512, 512, kernel_size=(5,), stride=(2,), padding=(2,))
    )
    (network): Sequential(
      (0): Linear(in_features=512, out_features=512, bias=True)
      (1): ReLU()
      (2): Linear(in_features=512, out_features=8344, bias=True)
    )
  )
  (discriminator): Discriminator(
    (network): Sequential(
      (0): Conv1d(8344, 256, kernel_size=(5,), stride=(1,), padding=(2,))
      (1): ReLU()
      (2): AdaptiveAvgPool1d(output_size=1)
      (3): Flatten(start_dim=1, end_dim=-1)
      (4): Linear(in_features=256, out_features=1, bias=True)
    )
  )
)
[2026-03-29 23:53:31,400][fairseq_cli.train][INFO] - task: UnsupervisedSpeechTask
[2026-03-29 23:53:31,400][fairseq_cli.train][INFO] - model: Wav2vec_U
[2026-03-29 23:53:31,401][fairseq_cli.train][INFO] - criterion: ModelCriterion
[2026-03-29 23:53:31,402][fairseq_cli.train][INFO] - num. shared model params: 16,740,505 (num. trained: 16,740,505)
[2026-03-29 23:53:31,402][fairseq_cli.train][INFO] - num. expert model params: 0 (num. trained: 0)
[2026-03-29 23:53:31,428][fairseq.data.audio.raw_audio_dataset][INFO] - loaded 2703, skipped 0 samples
| [Custom Task] Successfully loaded dev manifest. Training starting...
[2026-03-29 23:53:31,432][fairseq_cli.train][INFO] - training on 1 devices (GPUs/TPUs)
[2026-03-29 23:53:31,433][fairseq_cli.train][INFO] - max tokens per device = None and max sentences per device = 4
[2026-03-29 23:53:31,434][fairseq.trainer][INFO] - Preparing to load checkpoint ./checkpoint_last.pt
[2026-03-29 23:53:31,435][fairseq.trainer][INFO] - No existing checkpoint found ./checkpoint_last.pt
[2026-03-29 23:53:31,436][fairseq.trainer][INFO] - loading train data for epoch 1
[2026-03-29 23:53:31,442][fairseq.data.audio.raw_audio_dataset][INFO] - loaded 2703, skipped 0 samples
| [Custom Task] Successfully loaded train manifest. Training starting...
[2026-03-29 23:53:31,445][fairseq.tasks.fairseq_task][INFO] - can_reuse_epoch_itr = True
[2026-03-29 23:53:31,445][fairseq.tasks.fairseq_task][INFO] - reuse_dataloader = True
[2026-03-29 23:53:31,445][fairseq.tasks.fairseq_task][INFO] - rebuild_batches = False
[2026-03-29 23:53:31,446][fairseq.tasks.fairseq_task][INFO] - creating new batches for epoch 1
[2026-03-29 23:53:32,239][fairseq.optim.composite][INFO] - Optimizers for different groups are as below
[2026-03-29 23:53:32,239][fairseq.optim.composite][INFO] - Group : default:{'_name': 'adam', 'lr': [0.0001], 'adam_betas': [0.5, 0.98], 'weight_decay': 0}
[2026-03-29 23:53:32,243][fairseq_cli.train][INFO] - begin dry-run validation on "dev" subset
[2026-03-29 23:53:32,244][fairseq.tasks.fairseq_task][INFO] - can_reuse_epoch_itr = True
[2026-03-29 23:53:32,245][fairseq.tasks.fairseq_task][INFO] - reuse_dataloader = True
[2026-03-29 23:53:32,245][fairseq.tasks.fairseq_task][INFO] - rebuild_batches = False
[2026-03-29 23:53:32,245][fairseq.tasks.fairseq_task][INFO] - creating new batches for epoch 1
[2026-03-29 23:53:39,934][fairseq.data.iterators][INFO] - grouped total_num_itrs = 675
[2026-03-29 23:53:39,949][fairseq.trainer][INFO] - begin training epoch 1
[2026-03-29 23:53:39,950][fairseq_cli.train][INFO] - Start iterating over samples
[2026-03-29 23:55:36,443][train_inner][INFO] - {"epoch": 1, "update": 0.015, "loss": 0.019571907818317413, "d_loss": -0.00104520283639431, "g_loss": 0.020617112517356873, "wps": "0.4", "ups": "0.09", "wpb": "4", "bsz": "4", "num_updates": "10", "lr": "0", "gnorm": "0.276", "train_wall": "116", "wall": "125"}
[2026-03-29 23:56:32,982][train_inner][INFO] - {"epoch": 1, "update": 0.03, "loss": 0.019413962960243225, "d_loss": -0.001185295870527625, "g_loss": 0.020599257200956345, "wps": "0.7", "ups": "0.18", "wpb": "4", "bsz": "4", "num_updates": "20", "lr": "0", "gnorm": "0.28", "train_wall": "56", "wall": "182"}
[2026-03-29 23:58:28,542][train_inner][INFO] - {"epoch": 1, "update": 0.044, "loss": 0.019637055695056915, "d_loss": -0.0009623704245314002, "g_loss": 0.020599424839019775, "wps": "0.3", "ups": "0.09", "wpb": "4", "bsz": "4", "num_updates": "30", "lr": "0", "gnorm": "0.274", "train_wall": "115", "wall": "297"}
[2026-03-30 00:00:43,214][train_inner][INFO] - {"epoch": 1, "update": 0.059, "loss": 0.019545983523130417, "d_loss": -0.0010540552902966738, "g_loss": 0.02060003951191902, "wps": "0.3", "ups": "0.07", "wpb": "4", "bsz": "4", "num_updates": "40", "lr": "0", "gnorm": "0.276", "train_wall": "134", "wall": "432"}
[2026-03-30 00:01:56,909][train_inner][INFO] - {"epoch": 1, "update": 0.074, "loss": 0.019485389813780785, "d_loss": -0.0010763972532004118, "g_loss": 0.020561788231134415, "wps": "0.5", "ups": "0.14", "wpb": "4", "bsz": "4", "num_updates": "50", "lr": "0", "gnorm": "0.279", "train_wall": "73", "wall": "505"}
[2026-03-30 00:02:55,825][train_inner][INFO] - {"epoch": 1, "update": 0.089, "loss": 0.019562777131795883, "d_loss": -0.0010324090253561735, "g_loss": 0.020595183596014977, "wps": "0.7", "ups": "0.17", "wpb": "4", "bsz": "4", "num_updates": "60", "lr": "0", "gnorm": "0.275", "train_wall": "59", "wall": "564"}
[2026-03-30 00:04:22,949][train_inner][INFO] - {"epoch": 1, "update": 0.104, "loss": 0.019591137766838074, "d_loss": -0.0010466784005984664, "g_loss": 0.020637817680835724, "wps": "0.5", "ups": "0.11", "wpb": "4", "bsz": "4", "num_updates": "70", "lr": "0", "gnorm": "0.275", "train_wall": "87", "wall": "652"}
[2026-03-30 00:05:29,223][train_inner][INFO] - {"epoch": 1, "update": 0.119, "loss": 0.019459307193756104, "d_loss": -0.0011244502384215593, "g_loss": 0.020583756268024445, "wps": "0.6", "ups": "0.15", "wpb": "4", "bsz": "4", "num_updates": "80", "lr": "0", "gnorm": "0.28", "train_wall": "66", "wall": "718"}
[2026-03-30 00:06:40,794][train_inner][INFO] - {"epoch": 1, "update": 0.133, "loss": 0.019628088921308517, "d_loss": -0.0009889513021335006, "g_loss": 0.020617041736841202, "wps": "0.6", "ups": "0.14", "wpb": "4", "bsz": "4", "num_updates": "90", "lr": "0", "gnorm": "0.274", "train_wall": "71", "wall": "789"}
[2026-03-30 00:07:22,771][train_inner][INFO] - {"epoch": 1, "update": 0.148, "loss": 0.019569259136915207, "d_loss": -0.0010059193009510636, "g_loss": 0.020575178787112236, "wps": "1", "ups": "0.24", "wpb": "4", "bsz": "4", "num_updates": "100", "lr": "0", "gnorm": "0.272", "train_wall": "42", "wall": "831"}
[2026-03-30 00:08:59,819][train_inner][INFO] - {"epoch": 1, "update": 0.163, "loss": 0.01944737508893013, "d_loss": -0.001148812472820282, "g_loss": 0.020596185699105263, "wps": "0.4", "ups": "0.1", "wpb": "4", "bsz": "4", "num_updates": "110", "lr": "0", "gnorm": "0.276", "train_wall": "97", "wall": "928"}
[2026-03-30 00:10:16,881][train_inner][INFO] - {"epoch": 1, "update": 0.178, "loss": 0.019666116684675217, "d_loss": -0.0009164979564957321, "g_loss": 0.020582612603902817, "wps": "0.5", "ups": "0.13", "wpb": "4", "bsz": "4", "num_updates": "120", "lr": "0", "gnorm": "0.276", "train_wall": "77", "wall": "1005"}
[2026-03-30 00:11:40,297][train_inner][INFO] - {"epoch": 1, "update": 0.193, "loss": 0.019353408366441727, "d_loss": -0.00125187321100384, "g_loss": 0.020605280995368958, "wps": "0.5", "ups": "0.12", "wpb": "4", "bsz": "4", "num_updates": "130", "lr": "0", "gnorm": "0.28", "train_wall": "83", "wall": "1089"}
[2026-03-30 00:12:47,774][train_inner][INFO] - {"epoch": 1, "update": 0.207, "loss": 0.019553828984498978, "d_loss": -0.0010419969912618399, "g_loss": 0.02059582807123661, "wps": "0.6", "ups": "0.15", "wpb": "4", "bsz": "4", "num_updates": "140", "lr": "0", "gnorm": "0.274", "train_wall": "67", "wall": "1156"}
[2026-03-30 00:13:36,728][train_inner][INFO] - {"epoch": 1, "update": 0.222, "loss": 0.019672101363539696, "d_loss": -0.0009211233118548989, "g_loss": 0.020593224093317986, "wps": "0.8", "ups": "0.2", "wpb": "4", "bsz": "4", "num_updates": "150", "lr": "0", "gnorm": "0.273", "train_wall": "49", "wall": "1205"}
[2026-03-30 00:14:46,693][train_inner][INFO] - {"epoch": 1, "update": 0.237, "loss": 0.019729752093553543, "d_loss": -0.0008754825103096664, "g_loss": 0.020605234429240227, "wps": "0.6", "ups": "0.14", "wpb": "4", "bsz": "4", "num_updates": "160", "lr": "0", "gnorm": "0.271", "train_wall": "70", "wall": "1275"}
[2026-03-30 00:16:14,688][train_inner][INFO] - {"epoch": 1, "update": 0.252, "loss": 0.019431600347161293, "d_loss": -0.0011499018874019384, "g_loss": 0.020581504330039024, "wps": "0.5", "ups": "0.11", "wpb": "4", "bsz": "4", "num_updates": "170", "lr": "0", "gnorm": "0.278", "train_wall": "88", "wall": "1363"}
[2026-03-30 00:17:38,873][train_inner][INFO] - {"epoch": 1, "update": 0.267, "loss": 0.019450534135103226, "d_loss": -0.0011821811785921454, "g_loss": 0.02063271403312683, "wps": "0.5", "ups": "0.12", "wpb": "4", "bsz": "4", "num_updates": "180", "lr": "0", "gnorm": "0.28", "train_wall": "84", "wall": "1447"}
[2026-03-30 00:19:27,183][train_inner][INFO] - {"epoch": 1, "update": 0.281, "loss": 0.019477352499961853, "d_loss": -0.0011230434756726027, "g_loss": 0.020600397139787674, "wps": "0.4", "ups": "0.09", "wpb": "4", "bsz": "4", "num_updates": "190", "lr": "0", "gnorm": "0.277", "train_wall": "108", "wall": "1556"}
[2026-03-30 00:20:40,608][train_inner][INFO] - {"epoch": 1, "update": 0.296, "loss": 0.019666124135255814, "d_loss": -0.0009070217492990196, "g_loss": 0.020573144778609276, "wps": "0.5", "ups": "0.14", "wpb": "4", "bsz": "4", "num_updates": "200", "lr": "0", "gnorm": "0.272", "train_wall": "73", "wall": "1629"}
[2026-03-30 00:22:04,084][train_inner][INFO] - {"epoch": 1, "update": 0.311, "loss": 0.01957101561129093, "d_loss": -0.001037469832226634, "g_loss": 0.020608484745025635, "wps": "0.5", "ups": "0.12", "wpb": "4", "bsz": "4", "num_updates": "210", "lr": "0", "gnorm": "0.275", "train_wall": "83", "wall": "1713"}
[2026-03-30 00:23:43,950][train_inner][INFO] - {"epoch": 1, "update": 0.326, "loss": 0.019397716969251633, "d_loss": -0.0012036670232191682, "g_loss": 0.020601388067007065, "wps": "0.4", "ups": "0.1", "wpb": "4", "bsz": "4", "num_updates": "220", "lr": "0", "gnorm": "0.274", "train_wall": "100", "wall": "1813"}
[2026-03-30 00:24:28,643][train_inner][INFO] - {"epoch": 1, "update": 0.341, "loss": 0.019628364592790604, "d_loss": -0.0009541876497678459, "g_loss": 0.02058255299925804, "wps": "0.9", "ups": "0.22", "wpb": "4", "bsz": "4", "num_updates": "230", "lr": "0", "gnorm": "0.273", "train_wall": "44", "wall": "1857"}
[2026-03-30 00:26:05,914][train_inner][INFO] - {"epoch": 1, "update": 0.356, "loss": 0.01945756934583187, "d_loss": -0.0011851262534037232, "g_loss": 0.02064269594848156, "wps": "0.4", "ups": "0.1", "wpb": "4", "bsz": "4", "num_updates": "240", "lr": "0", "gnorm": "0.275", "train_wall": "97", "wall": "1955"}
[2026-03-30 00:27:35,356][train_inner][INFO] - {"epoch": 1, "update": 0.37, "loss": 0.01967821642756462, "d_loss": -0.0009754674392752349, "g_loss": 0.020653685554862022, "wps": "0.4", "ups": "0.11", "wpb": "4", "bsz": "4", "num_updates": "250", "lr": "0", "gnorm": "0.272", "train_wall": "89", "wall": "2044"}
[2026-03-30 00:29:13,865][train_inner][INFO] - {"epoch": 1, "update": 0.385, "loss": 0.019583895802497864, "d_loss": -0.0010205445578321815, "g_loss": 0.020604440942406654, "wps": "0.4", "ups": "0.1", "wpb": "4", "bsz": "4", "num_updates": "260", "lr": "0", "gnorm": "0.274", "train_wall": "98", "wall": "2142"}
[2026-03-30 01:01:10,887][train_inner][INFO] - {"epoch": 1, "update": 0.4, "loss": 0.019699890166521072, "d_loss": -0.0008687397348694503, "g_loss": 0.02056862786412239, "wps": "0.1", "ups": "0.04", "wpb": "4", "bsz": "4", "num_updates": "270", "lr": "0", "gnorm": "0.272", "train_wall": "273", "wall": "2417"}
[2026-03-30 01:02:13,821][train_inner][INFO] - {"epoch": 1, "update": 0.415, "loss": 0.0195435993373394, "d_loss": -0.0011044915299862623, "g_loss": 0.020648092031478882, "wps": "0.6", "ups": "0.16", "wpb": "4", "bsz": "4", "num_updates": "280", "lr": "0", "gnorm": "0.274", "train_wall": "62", "wall": "2480"}
[2026-03-30 01:03:51,667][train_inner][INFO] - {"epoch": 1, "update": 0.43, "loss": 0.019314121454954147, "d_loss": -0.0012877959525212646, "g_loss": 0.020601917058229446, "wps": "0.4", "ups": "0.1", "wpb": "4", "bsz": "4", "num_updates": "290", "lr": "0", "gnorm": "0.281", "train_wall": "97", "wall": "2578"}
[2026-03-30 01:05:20,522][train_inner][INFO] - {"epoch": 1, "update": 0.444, "loss": 0.019559897482395172, "d_loss": -0.0010018028551712632, "g_loss": 0.0205617006868124, "wps": "0.5", "ups": "0.11", "wpb": "4", "bsz": "4", "num_updates": "300", "lr": "0", "gnorm": "0.277", "train_wall": "88", "wall": "2667"}
[2026-03-30 01:07:12,434][train_inner][INFO] - {"epoch": 1, "update": 0.459, "loss": 0.019552037119865417, "d_loss": -0.001038847491145134, "g_loss": 0.02059088461101055, "wps": "0.4", "ups": "0.09", "wpb": "4", "bsz": "4", "num_updates": "310", "lr": "0", "gnorm": "0.275", "train_wall": "111", "wall": "2779"}
[2026-03-30 01:08:57,682][train_inner][INFO] - {"epoch": 1, "update": 0.474, "loss": 0.019475024193525314, "d_loss": -0.001117959269322455, "g_loss": 0.020592981949448586, "wps": "0.4", "ups": "0.1", "wpb": "4", "bsz": "4", "num_updates": "320", "lr": "0", "gnorm": "0.277", "train_wall": "105", "wall": "2884"}
[2026-03-30 01:10:12,584][train_inner][INFO] - {"epoch": 1, "update": 0.489, "loss": 0.019509218633174896, "d_loss": -0.0010803159093484282, "g_loss": 0.02058953419327736, "wps": "0.5", "ups": "0.13", "wpb": "4", "bsz": "4", "num_updates": "330", "lr": "0", "gnorm": "0.278", "train_wall": "75", "wall": "2959"}
[2026-03-30 01:11:39,351][train_inner][INFO] - {"epoch": 1, "update": 0.504, "loss": 0.019393181428313255, "d_loss": -0.0012250796426087618, "g_loss": 0.020618263632059097, "wps": "0.5", "ups": "0.12", "wpb": "4", "bsz": "4", "num_updates": "340", "lr": "0", "gnorm": "0.28", "train_wall": "86", "wall": "3046"}
[2026-03-30 01:13:06,007][train_inner][INFO] - {"epoch": 1, "update": 0.519, "loss": 0.019445497542619705, "d_loss": -0.0011214831611141562, "g_loss": 0.02056698128581047, "wps": "0.5", "ups": "0.12", "wpb": "4", "bsz": "4", "num_updates": "350", "lr": "0", "gnorm": "0.279", "train_wall": "86", "wall": "3132"}
[2026-03-30 01:14:15,785][train_inner][INFO] - {"epoch": 1, "update": 0.533, "loss": 0.019536715000867844, "d_loss": -0.0010345391929149628, "g_loss": 0.020571254193782806, "wps": "0.6", "ups": "0.14", "wpb": "4", "bsz": "4", "num_updates": "360", "lr": "0", "gnorm": "0.277", "train_wall": "69", "wall": "3202"}
[2026-03-30 01:15:59,801][train_inner][INFO] - {"epoch": 1, "update": 0.548, "loss": 0.019705001264810562, "d_loss": -0.0009312659385614097, "g_loss": 0.020636266097426414, "wps": "0.4", "ups": "0.1", "wpb": "4", "bsz": "4", "num_updates": "370", "lr": "0", "gnorm": "0.272", "train_wall": "103", "wall": "3306"}
[2026-03-30 01:17:34,733][train_inner][INFO] - {"epoch": 1, "update": 0.563, "loss": 0.019620798528194427, "d_loss": -0.000999045791104436, "g_loss": 0.020619845017790794, "wps": "0.4", "ups": "0.11", "wpb": "4", "bsz": "4", "num_updates": "380", "lr": "0", "gnorm": "0.273", "train_wall": "94", "wall": "3401"}
[2026-03-30 01:18:43,325][train_inner][INFO] - {"epoch": 1, "update": 0.578, "loss": 0.01945381984114647, "d_loss": -0.001169007271528244, "g_loss": 0.020622828975319862, "wps": "0.6", "ups": "0.15", "wpb": "4", "bsz": "4", "num_updates": "390", "lr": "0", "gnorm": "0.279", "train_wall": "68", "wall": "3470"}
[2026-03-30 01:19:46,677][train_inner][INFO] - {"epoch": 1, "update": 0.593, "loss": 0.019540879875421524, "d_loss": -0.0010657068341970444, "g_loss": 0.02060658484697342, "wps": "0.6", "ups": "0.16", "wpb": "4", "bsz": "4", "num_updates": "400", "lr": "0", "gnorm": "0.275", "train_wall": "63", "wall": "3533"}
[2026-03-30 01:21:12,756][train_inner][INFO] - {"epoch": 1, "update": 0.607, "loss": 0.019486619159579277, "d_loss": -0.0011174979154020548, "g_loss": 0.020604116842150688, "wps": "0.5", "ups": "0.12", "wpb": "4", "bsz": "4", "num_updates": "410", "lr": "0", "gnorm": "0.277", "train_wall": "86", "wall": "3619"}
[2026-03-30 01:22:54,557][train_inner][INFO] - {"epoch": 1, "update": 0.622, "loss": 0.01962931826710701, "d_loss": -0.0009618837502785027, "g_loss": 0.02059119939804077, "wps": "0.4", "ups": "0.1", "wpb": "4", "bsz": "4", "num_updates": "420", "lr": "0", "gnorm": "0.274", "train_wall": "101", "wall": "3721"}
[2026-03-30 01:24:29,999][train_inner][INFO] - {"epoch": 1, "update": 0.637, "loss": 0.01957106962800026, "d_loss": -0.0010116767371073365, "g_loss": 0.02058274671435356, "wps": "0.4", "ups": "0.1", "wpb": "4", "bsz": "4", "num_updates": "430", "lr": "0", "gnorm": "0.276", "train_wall": "95", "wall": "3816"}
[2026-03-30 01:27:18,872][train_inner][INFO] - {"epoch": 1, "update": 0.652, "loss": 0.019436940550804138, "d_loss": -0.001146054593846202, "g_loss": 0.02058299258351326, "wps": "0.2", "ups": "0.06", "wpb": "4", "bsz": "4", "num_updates": "440", "lr": "0", "gnorm": "0.279", "train_wall": "168", "wall": "3985"}
[2026-03-30 01:29:13,676][train_inner][INFO] - {"epoch": 1, "update": 0.667, "loss": 0.01960195042192936, "d_loss": -0.0009983176132664084, "g_loss": 0.02060026489198208, "wps": "0.3", "ups": "0.09", "wpb": "4", "bsz": "4", "num_updates": "450", "lr": "0", "gnorm": "0.274", "train_wall": "114", "wall": "4100"}
[2026-03-30 01:30:20,179][train_inner][INFO] - {"epoch": 1, "update": 0.681, "loss": 0.01953926682472229, "d_loss": -0.0010708628688007593, "g_loss": 0.020610131323337555, "wps": "0.6", "ups": "0.15", "wpb": "4", "bsz": "4", "num_updates": "460", "lr": "0", "gnorm": "0.274", "train_wall": "66", "wall": "4167"}
[2026-03-30 01:31:36,241][train_inner][INFO] - {"epoch": 1, "update": 0.696, "loss": 0.019421592354774475, "d_loss": -0.00115930603351444, "g_loss": 0.020580898970365524, "wps": "0.5", "ups": "0.13", "wpb": "4", "bsz": "4", "num_updates": "470", "lr": "0", "gnorm": "0.276", "train_wall": "76", "wall": "4243"}
[2026-03-30 01:32:29,726][train_inner][INFO] - {"epoch": 1, "update": 0.711, "loss": 0.019399691373109818, "d_loss": -0.0011788572883233428, "g_loss": 0.020578548312187195, "wps": "0.7", "ups": "0.19", "wpb": "4", "bsz": "4", "num_updates": "480", "lr": "0", "gnorm": "0.278", "train_wall": "53", "wall": "4296"}
[2026-03-30 01:33:45,044][train_inner][INFO] - {"epoch": 1, "update": 0.726, "loss": 0.019711609929800034, "d_loss": -0.0008315533632412553, "g_loss": 0.020543163642287254, "wps": "0.5", "ups": "0.13", "wpb": "4", "bsz": "4", "num_updates": "490", "lr": "0", "gnorm": "0.275", "train_wall": "75", "wall": "4371"}
[2026-03-30 01:35:46,249][train_inner][INFO] - {"epoch": 1, "update": 0.741, "loss": 0.019628841429948807, "d_loss": -0.0009811989730224013, "g_loss": 0.020610041916370392, "wps": "0.3", "ups": "0.08", "wpb": "4", "bsz": "4", "num_updates": "500", "lr": "0", "gnorm": "0.275", "train_wall": "121", "wall": "4493"}
[2026-03-30 01:38:02,649][train_inner][INFO] - {"epoch": 1, "update": 0.756, "loss": 0.01952415518462658, "d_loss": -0.0010806687641888857, "g_loss": 0.020604822784662247, "wps": "0.3", "ups": "0.07", "wpb": "4", "bsz": "4", "num_updates": "510", "lr": "0", "gnorm": "0.275", "train_wall": "136", "wall": "4629"}
[2026-03-30 01:39:15,421][train_inner][INFO] - {"epoch": 1, "update": 0.77, "loss": 0.019660044461488724, "d_loss": -0.0009334331261925399, "g_loss": 0.02059347927570343, "wps": "0.5", "ups": "0.14", "wpb": "4", "bsz": "4", "num_updates": "520", "lr": "0", "gnorm": "0.276", "train_wall": "73", "wall": "4702"}
[2026-03-30 01:40:15,545][train_inner][INFO] - {"epoch": 1, "update": 0.785, "loss": 0.019727637991309166, "d_loss": -0.0008873995393514633, "g_loss": 0.02061503566801548, "wps": "0.7", "ups": "0.17", "wpb": "4", "bsz": "4", "num_updates": "530", "lr": "0", "gnorm": "0.275", "train_wall": "60", "wall": "4762"}
[2026-03-30 01:41:36,544][train_inner][INFO] - {"epoch": 1, "update": 0.8, "loss": 0.019397947937250137, "d_loss": -0.0012104350607842207, "g_loss": 0.020608380436897278, "wps": "0.5", "ups": "0.12", "wpb": "4", "bsz": "4", "num_updates": "540", "lr": "0", "gnorm": "0.282", "train_wall": "81", "wall": "4843"}
[2026-03-30 01:42:21,789][train_inner][INFO] - {"epoch": 1, "update": 0.815, "loss": 0.01963729038834572, "d_loss": -0.0009886082261800766, "g_loss": 0.020625900477170944, "wps": "0.9", "ups": "0.22", "wpb": "4", "bsz": "4", "num_updates": "550", "lr": "0", "gnorm": "0.273", "train_wall": "45", "wall": "4888"}
[2026-03-30 01:43:31,953][train_inner][INFO] - {"epoch": 1, "update": 0.83, "loss": 0.019642869010567665, "d_loss": -0.0009443523595109582, "g_loss": 0.020587220788002014, "wps": "0.6", "ups": "0.14", "wpb": "4", "bsz": "4", "num_updates": "560", "lr": "0", "gnorm": "0.273", "train_wall": "70", "wall": "4958"}
[2026-03-30 01:44:31,481][train_inner][INFO] - {"epoch": 1, "update": 0.844, "loss": 0.01967809908092022, "d_loss": -0.000897923659067601, "g_loss": 0.020576024428009987, "wps": "0.7", "ups": "0.17", "wpb": "4", "bsz": "4", "num_updates": "570", "lr": "0", "gnorm": "0.274", "train_wall": "59", "wall": "5018"}
[2026-03-30 01:46:00,111][train_inner][INFO] - {"epoch": 1, "update": 0.859, "loss": 0.019659215584397316, "d_loss": -0.0009462505695410073, "g_loss": 0.02060546539723873, "wps": "0.5", "ups": "0.11", "wpb": "4", "bsz": "4", "num_updates": "580", "lr": "0", "gnorm": "0.271", "train_wall": "88", "wall": "5106"}
[2026-03-30 01:47:08,482][train_inner][INFO] - {"epoch": 1, "update": 0.874, "loss": 0.019515261054039, "d_loss": -0.0010899689514189959, "g_loss": 0.02060522884130478, "wps": "0.6", "ups": "0.15", "wpb": "4", "bsz": "4", "num_updates": "590", "lr": "0", "gnorm": "0.277", "train_wall": "68", "wall": "5175"}
[2026-03-30 01:48:06,267][train_inner][INFO] - {"epoch": 1, "update": 0.889, "loss": 0.019601721316576004, "d_loss": -0.0009688446298241615, "g_loss": 0.02057056501507759, "wps": "0.7", "ups": "0.17", "wpb": "4", "bsz": "4", "num_updates": "600", "lr": "0", "gnorm": "0.275", "train_wall": "57", "wall": "5233"}
[2026-03-30 01:49:11,440][train_inner][INFO] - {"epoch": 1, "update": 0.904, "loss": 0.01968298852443695, "d_loss": -0.0009451454388909042, "g_loss": 0.02062813565135002, "wps": "0.6", "ups": "0.15", "wpb": "4", "bsz": "4", "num_updates": "610", "lr": "0", "gnorm": "0.273", "train_wall": "65", "wall": "5298"}
[2026-03-30 01:50:27,934][train_inner][INFO] - {"epoch": 1, "update": 0.919, "loss": 0.01948637329041958, "d_loss": -0.0010976819321513176, "g_loss": 0.02058405615389347, "wps": "0.5", "ups": "0.13", "wpb": "4", "bsz": "4", "num_updates": "620", "lr": "0", "gnorm": "0.279", "train_wall": "76", "wall": "5374"}
[2026-03-30 01:51:42,715][train_inner][INFO] - {"epoch": 1, "update": 0.933, "loss": 0.019522612914443016, "d_loss": -0.001117872423492372, "g_loss": 0.020640484988689423, "wps": "0.5", "ups": "0.13", "wpb": "4", "bsz": "4", "num_updates": "630", "lr": "0", "gnorm": "0.276", "train_wall": "75", "wall": "5449"}
[2026-03-30 01:52:29,018][train_inner][INFO] - {"epoch": 1, "update": 0.948, "loss": 0.019622277468442917, "d_loss": -0.000980114913545549, "g_loss": 0.02060239389538765, "wps": "0.9", "ups": "0.22", "wpb": "4", "bsz": "4", "num_updates": "640", "lr": "0", "gnorm": "0.274", "train_wall": "46", "wall": "5495"}
[2026-03-30 01:53:26,081][train_inner][INFO] - {"epoch": 1, "update": 0.963, "loss": 0.01942368969321251, "d_loss": -0.001208969741128385, "g_loss": 0.020632658153772354, "wps": "0.7", "ups": "0.18", "wpb": "4", "bsz": "4", "num_updates": "650", "lr": "0", "gnorm": "0.279", "train_wall": "57", "wall": "5552"}
[2026-03-30 01:54:26,962][train_inner][INFO] - {"epoch": 1, "update": 0.978, "loss": 0.01942143775522709, "d_loss": -0.0011538183316588402, "g_loss": 0.020575257018208504, "wps": "0.7", "ups": "0.16", "wpb": "4", "bsz": "4", "num_updates": "660", "lr": "0", "gnorm": "0.281", "train_wall": "61", "wall": "5613"}
[2026-03-30 01:55:34,457][train_inner][INFO] - {"epoch": 1, "update": 0.993, "loss": 0.019536610692739487, "d_loss": -0.0010561589151620865, "g_loss": 0.020592769607901573, "wps": "0.6", "ups": "0.15", "wpb": "4", "bsz": "4", "num_updates": "670", "lr": "0", "gnorm": "0.274", "train_wall": "67", "wall": "5681"}
[2026-03-30 01:56:14,822][fairseq_cli.train][INFO] - begin validation on "dev" subset
[2026-03-30 01:56:14,844][fairseq.tasks.fairseq_task][INFO] - can_reuse_epoch_itr = True
[2026-03-30 02:24:28,352][dev][INFO] - {"epoch": 1, "dev_loss": 0.019519463181495667, "dev_d_loss": -0.0010861130431294441, "dev_g_loss": 0.020605573430657387, "dev_wps": "1.6", "dev_wpb": "4", "dev_bsz": "4", "dev_num_updates": "675"}
[2026-03-30 02:24:28,380][fairseq_cli.train][INFO] - end of epoch 1 (average epoch stats below)
[2026-03-30 02:24:28,385][train][INFO] - {"epoch": 1, "train_loss": 0.01954970881342888, "train_d_loss": -0.0010498844785615802, "train_g_loss": 0.020599590614438057, "train_wps": "0.4", "train_ups": "0.09", "train_wpb": "4", "train_bsz": "4", "train_num_updates": "675", "train_lr": "0", "train_gnorm": "0.276", "train_train_wall": "5686", "train_wall": "7415"}
[2026-03-30 02:24:28,419][fairseq.tasks.fairseq_task][INFO] - can_reuse_epoch_itr = True
[2026-03-30 02:24:28,715][fairseq.data.iterators][INFO] - grouped total_num_itrs = 675
[2026-03-30 02:24:28,771][fairseq.trainer][INFO] - begin training epoch 2
[2026-03-30 02:24:28,774][fairseq_cli.train][INFO] - Start iterating over samples
[2026-03-30 02:25:04,258][train_inner][INFO] - {"epoch": 2, "update": 1.007, "loss": 0.019538622349500656, "d_loss": -0.0010631531476974487, "g_loss": 0.020601777359843254, "wps": "0", "ups": "0.01", "wpb": "4", "bsz": "4", "num_updates": "680", "lr": "0", "gnorm": "0.276", "train_wall": "75", "wall": "7451"}
[2026-03-30 02:26:32,736][train_inner][INFO] - {"epoch": 2, "update": 1.022, "loss": 0.019591819494962692, "d_loss": -0.0010297732660546899, "g_loss": 0.020621592178940773, "wps": "0.5", "ups": "0.11", "wpb": "4", "bsz": "4", "num_updates": "690", "lr": "0", "gnorm": "0.275", "train_wall": "88", "wall": "7539"}
[2026-03-30 02:27:27,779][train_inner][INFO] - {"epoch": 2, "update": 1.037, "loss": 0.019691959023475647, "d_loss": -0.0009346859296783805, "g_loss": 0.020626645535230637, "wps": "0.7", "ups": "0.18", "wpb": "4", "bsz": "4", "num_updates": "700", "lr": "0", "gnorm": "0.272", "train_wall": "55", "wall": "7594"}
[2026-03-30 02:28:32,891][train_inner][INFO] - {"epoch": 2, "update": 1.052, "loss": 0.019457941874861717, "d_loss": -0.0011779358610510826, "g_loss": 0.020635876804590225, "wps": "0.6", "ups": "0.15", "wpb": "4", "bsz": "4", "num_updates": "710", "lr": "0", "gnorm": "0.278", "train_wall": "65", "wall": "7659"}
[2026-03-30 02:30:11,646][train_inner][INFO] - {"epoch": 2, "update": 1.067, "loss": 0.01932426169514656, "d_loss": -0.0012499468866735697, "g_loss": 0.020574210211634636, "wps": "0.4", "ups": "0.1", "wpb": "4", "bsz": "4", "num_updates": "720", "lr": "0", "gnorm": "0.282", "train_wall": "98", "wall": "7758"}
[2026-03-30 02:31:22,251][train_inner][INFO] - {"epoch": 2, "update": 1.081, "loss": 0.01960298791527748, "d_loss": -0.0009776412043720484, "g_loss": 0.020580632612109184, "wps": "0.6", "ups": "0.14", "wpb": "4", "bsz": "4", "num_updates": "730", "lr": "0", "gnorm": "0.274", "train_wall": "70", "wall": "7829"}
[2026-03-30 02:32:58,404][train_inner][INFO] - {"epoch": 2, "update": 1.096, "loss": 0.01949722319841385, "d_loss": -0.0011095633963122964, "g_loss": 0.020606784150004387, "wps": "0.4", "ups": "0.1", "wpb": "4", "bsz": "4", "num_updates": "740", "lr": "0", "gnorm": "0.278", "train_wall": "96", "wall": "7925"}
[2026-03-30 02:34:02,209][train_inner][INFO] - {"epoch": 2, "update": 1.111, "loss": 0.0196984950453043, "d_loss": -0.0008909394964575768, "g_loss": 0.02058943547308445, "wps": "0.6", "ups": "0.16", "wpb": "4", "bsz": "4", "num_updates": "750", "lr": "0", "gnorm": "0.272", "train_wall": "63", "wall": "7989"}
[2026-03-30 02:35:50,002][train_inner][INFO] - {"epoch": 2, "update": 1.126, "loss": 0.019693758338689804, "d_loss": -0.0009187884861603379, "g_loss": 0.02061254344880581, "wps": "0.4", "ups": "0.09", "wpb": "4", "bsz": "4", "num_updates": "760", "lr": "0", "gnorm": "0.273", "train_wall": "107", "wall": "8096"}
[2026-03-30 02:37:09,960][train_inner][INFO] - {"epoch": 2, "update": 1.141, "loss": 0.01956264302134514, "d_loss": -0.0010610182071104646, "g_loss": 0.02062366157770157, "wps": "0.5", "ups": "0.13", "wpb": "4", "bsz": "4", "num_updates": "770", "lr": "0", "gnorm": "0.276", "train_wall": "80", "wall": "8176"}
[2026-03-30 02:38:23,248][train_inner][INFO] - {"epoch": 2, "update": 1.156, "loss": 0.019658071920275688, "d_loss": -0.0009498514118604362, "g_loss": 0.020607924088835716, "wps": "0.5", "ups": "0.14", "wpb": "4", "bsz": "4", "num_updates": "780", "lr": "0", "gnorm": "0.274", "train_wall": "73", "wall": "8250"}
[2026-03-30 02:39:48,185][train_inner][INFO] - {"epoch": 2, "update": 1.17, "loss": 0.01972993090748787, "d_loss": -0.0008434780174866319, "g_loss": 0.020573409274220467, "wps": "0.5", "ups": "0.12", "wpb": "4", "bsz": "4", "num_updates": "790", "lr": "0", "gnorm": "0.275", "train_wall": "85", "wall": "8335"}
[2026-03-30 02:41:34,691][train_inner][INFO] - {"epoch": 2, "update": 1.185, "loss": 0.01936929300427437, "d_loss": -0.0012464165920391679, "g_loss": 0.020615708082914352, "wps": "0.4", "ups": "0.09", "wpb": "4", "bsz": "4", "num_updates": "800", "lr": "0", "gnorm": "0.281", "train_wall": "106", "wall": "8441"}
[2026-03-30 02:42:20,866][train_inner][INFO] - {"epoch": 2, "update": 1.2, "loss": 0.019547438248991966, "d_loss": -0.0010727491462603211, "g_loss": 0.020620185881853104, "wps": "0.9", "ups": "0.22", "wpb": "4", "bsz": "4", "num_updates": "810", "lr": "0", "gnorm": "0.275", "train_wall": "46", "wall": "8487"}
[2026-03-30 02:43:20,167][train_inner][INFO] - {"epoch": 2, "update": 1.215, "loss": 0.01953558810055256, "d_loss": -0.0010509321000427008, "g_loss": 0.020586520433425903, "wps": "0.7", "ups": "0.17", "wpb": "4", "bsz": "4", "num_updates": "820", "lr": "0", "gnorm": "0.276", "train_wall": "59", "wall": "8547"}
[2026-03-30 02:44:44,552][train_inner][INFO] - {"epoch": 2, "update": 1.23, "loss": 0.019491855055093765, "d_loss": -0.0011309065157547593, "g_loss": 0.02062276005744934, "wps": "0.5", "ups": "0.12", "wpb": "4", "bsz": "4", "num_updates": "830", "lr": "0", "gnorm": "0.277", "train_wall": "84", "wall": "8631"}
[2026-03-30 02:46:16,752][train_inner][INFO] - {"epoch": 2, "update": 1.244, "loss": 0.01954076811671257, "d_loss": -0.001080643618479371, "g_loss": 0.020621411502361298, "wps": "0.4", "ups": "0.11", "wpb": "4", "bsz": "4", "num_updates": "840", "lr": "0", "gnorm": "0.274", "train_wall": "92", "wall": "8723"}
[2026-03-30 02:47:33,540][train_inner][INFO] - {"epoch": 2, "update": 1.259, "loss": 0.019572284072637558, "d_loss": -0.0010336035629734397, "g_loss": 0.020605891942977905, "wps": "0.5", "ups": "0.13", "wpb": "4", "bsz": "4", "num_updates": "850", "lr": "0", "gnorm": "0.274", "train_wall": "76", "wall": "8800"}
[2026-03-30 02:49:06,038][train_inner][INFO] - {"epoch": 2, "update": 1.274, "loss": 0.019499264657497406, "d_loss": -0.0010966662084683776, "g_loss": 0.020595932379364967, "wps": "0.4", "ups": "0.11", "wpb": "4", "bsz": "4", "num_updates": "860", "lr": "0", "gnorm": "0.277", "train_wall": "92", "wall": "8892"}
[2026-03-30 02:50:12,906][train_inner][INFO] - {"epoch": 2, "update": 1.289, "loss": 0.019724134355783463, "d_loss": -0.0008713876595720649, "g_loss": 0.020595520734786987, "wps": "0.6", "ups": "0.15", "wpb": "4", "bsz": "4", "num_updates": "870", "lr": "0", "gnorm": "0.273", "train_wall": "66", "wall": "8959"}
[2026-03-30 02:51:37,706][train_inner][INFO] - {"epoch": 2, "update": 1.304, "loss": 0.01958540454506874, "d_loss": -0.0009866167092695832, "g_loss": 0.02057201974093914, "wps": "0.5", "ups": "0.12", "wpb": "4", "bsz": "4", "num_updates": "880", "lr": "0", "gnorm": "0.274", "train_wall": "85", "wall": "9044"}
[2026-03-30 02:52:59,404][train_inner][INFO] - {"epoch": 2, "update": 1.319, "loss": 0.01952051930129528, "d_loss": -0.001066574826836586, "g_loss": 0.020587095990777016, "wps": "0.5", "ups": "0.12", "wpb": "4", "bsz": "4", "num_updates": "890", "lr": "0", "gnorm": "0.277", "train_wall": "81", "wall": "9126"}
[2026-03-30 02:53:57,075][train_inner][INFO] - {"epoch": 2, "update": 1.333, "loss": 0.01961999014019966, "d_loss": -0.001018016948364675, "g_loss": 0.020638007670640945, "wps": "0.7", "ups": "0.17", "wpb": "4", "bsz": "4", "num_updates": "900", "lr": "0", "gnorm": "0.277", "train_wall": "57", "wall": "9183"}
[2026-03-30 02:55:23,535][train_inner][INFO] - {"epoch": 2, "update": 1.348, "loss": 0.019554149359464645, "d_loss": -0.0010813974076882005, "g_loss": 0.02063554897904396, "wps": "0.5", "ups": "0.12", "wpb": "4", "bsz": "4", "num_updates": "910", "lr": "0", "gnorm": "0.276", "train_wall": "86", "wall": "9270"}
[2026-03-30 02:56:35,052][train_inner][INFO] - {"epoch": 2, "update": 1.363, "loss": 0.019531602039933205, "d_loss": -0.0010516321053728461, "g_loss": 0.02058323659002781, "wps": "0.6", "ups": "0.14", "wpb": "4", "bsz": "4", "num_updates": "920", "lr": "0", "gnorm": "0.273", "train_wall": "71", "wall": "9341"}
[2026-03-30 02:58:12,334][train_inner][INFO] - {"epoch": 2, "update": 1.378, "loss": 0.019495854154229164, "d_loss": -0.0011249504750594497, "g_loss": 0.02062080428004265, "wps": "0.4", "ups": "0.1", "wpb": "4", "bsz": "4", "num_updates": "930", "lr": "0", "gnorm": "0.278", "train_wall": "97", "wall": "9439"}
[2026-03-30 02:59:29,270][train_inner][INFO] - {"epoch": 2, "update": 1.393, "loss": 0.01952255330979824, "d_loss": -0.001052121864631772, "g_loss": 0.020574675872921944, "wps": "0.5", "ups": "0.13", "wpb": "4", "bsz": "4", "num_updates": "940", "lr": "0", "gnorm": "0.274", "train_wall": "77", "wall": "9516"}
[2026-03-30 03:00:19,738][train_inner][INFO] - {"epoch": 2, "update": 1.407, "loss": 0.019511263817548752, "d_loss": -0.001057654619216919, "g_loss": 0.02056892216205597, "wps": "0.8", "ups": "0.2", "wpb": "4", "bsz": "4", "num_updates": "950", "lr": "0", "gnorm": "0.278", "train_wall": "50", "wall": "9566"}
[2026-03-30 03:01:33,879][train_inner][INFO] - {"epoch": 2, "update": 1.422, "loss": 0.019456859678030014, "d_loss": -0.0011741661000996828, "g_loss": 0.020631028339266777, "wps": "0.5", "ups": "0.13", "wpb": "4", "bsz": "4", "num_updates": "960", "lr": "0", "gnorm": "0.276", "train_wall": "74", "wall": "9640"}
[2026-03-30 03:02:37,128][train_inner][INFO] - {"epoch": 2, "update": 1.437, "loss": 0.01952436938881874, "d_loss": -0.0011119687696918845, "g_loss": 0.020636336877942085, "wps": "0.6", "ups": "0.16", "wpb": "4", "bsz": "4", "num_updates": "970", "lr": "0", "gnorm": "0.279", "train_wall": "63", "wall": "9704"}
[2026-03-30 03:03:37,826][train_inner][INFO] - {"epoch": 2, "update": 1.452, "loss": 0.019465859979391098, "d_loss": -0.0011480450630187988, "g_loss": 0.020613905042409897, "wps": "0.7", "ups": "0.16", "wpb": "4", "bsz": "4", "num_updates": "980", "lr": "0", "gnorm": "0.274", "train_wall": "60", "wall": "9764"}
[2026-03-30 03:05:01,350][train_inner][INFO] - {"epoch": 2, "update": 1.467, "loss": 0.019567985087633133, "d_loss": -0.0010164908599108458, "g_loss": 0.020584475249052048, "wps": "0.5", "ups": "0.12", "wpb": "4", "bsz": "4", "num_updates": "990", "lr": "0", "gnorm": "0.274", "train_wall": "83", "wall": "9848"}
[2026-03-30 03:07:13,210][train_inner][INFO] - {"epoch": 2, "update": 1.481, "loss": 0.019525747746229172, "d_loss": -0.0010784699115902185, "g_loss": 0.020604217424988747, "wps": "0.3", "ups": "0.08", "wpb": "4", "bsz": "4", "num_updates": "1000", "lr": "0", "gnorm": "0.277", "train_wall": "131", "wall": "9980"}
[2026-03-30 03:08:42,778][train_inner][INFO] - {"epoch": 2, "update": 1.496, "loss": 0.019373511895537376, "d_loss": -0.0012483110185712576, "g_loss": 0.020621823146939278, "wps": "0.4", "ups": "0.11", "wpb": "4", "bsz": "4", "num_updates": "1010", "lr": "0", "gnorm": "0.28", "train_wall": "89", "wall": "10069"}
[2026-03-30 03:10:02,500][train_inner][INFO] - {"epoch": 2, "update": 1.511, "loss": 0.019724126905202866, "d_loss": -0.0008982097497209907, "g_loss": 0.020622337237000465, "wps": "0.5", "ups": "0.13", "wpb": "4", "bsz": "4", "num_updates": "1020", "lr": "0", "gnorm": "0.272", "train_wall": "79", "wall": "10149"}
[2026-03-30 03:11:23,072][train_inner][INFO] - {"epoch": 2, "update": 1.526, "loss": 0.019609499722719193, "d_loss": -0.0010085906833410263, "g_loss": 0.02061808854341507, "wps": "0.5", "ups": "0.12", "wpb": "4", "bsz": "4", "num_updates": "1030", "lr": "0", "gnorm": "0.275", "train_wall": "80", "wall": "10229"}
[2026-03-30 03:12:31,116][train_inner][INFO] - {"epoch": 2, "update": 1.541, "loss": 0.019437305629253387, "d_loss": -0.0011574097443372011, "g_loss": 0.02059471234679222, "wps": "0.6", "ups": "0.15", "wpb": "4", "bsz": "4", "num_updates": "1040", "lr": "0", "gnorm": "0.278", "train_wall": "68", "wall": "10298"}
[2026-03-30 03:13:31,531][train_inner][INFO] - {"epoch": 2, "update": 1.556, "loss": 0.01956203766167164, "d_loss": -0.0010322022717446089, "g_loss": 0.020594241097569466, "wps": "0.7", "ups": "0.17", "wpb": "4", "bsz": "4", "num_updates": "1050", "lr": "0", "gnorm": "0.278", "train_wall": "60", "wall": "10358"}
[2026-03-30 03:14:36,075][train_inner][INFO] - {"epoch": 2, "update": 1.57, "loss": 0.01955529674887657, "d_loss": -0.0010593751212581992, "g_loss": 0.02061467245221138, "wps": "0.6", "ups": "0.15", "wpb": "4", "bsz": "4", "num_updates": "1060", "lr": "0", "gnorm": "0.275", "train_wall": "64", "wall": "10422"}
[2026-03-30 03:16:02,713][train_inner][INFO] - {"epoch": 2, "update": 1.585, "loss": 0.019536901265382767, "d_loss": -0.0010369087103754282, "g_loss": 0.02057380974292755, "wps": "0.5", "ups": "0.12", "wpb": "4", "bsz": "4", "num_updates": "1070", "lr": "0", "gnorm": "0.277", "train_wall": "86", "wall": "10509"}
[2026-03-30 03:16:57,168][train_inner][INFO] - {"epoch": 2, "update": 1.6, "loss": 0.01943662017583847, "d_loss": -0.001176742254756391, "g_loss": 0.02061336115002632, "wps": "0.7", "ups": "0.18", "wpb": "4", "bsz": "4", "num_updates": "1080", "lr": "0", "gnorm": "0.281", "train_wall": "54", "wall": "10564"}
[2026-03-30 03:18:11,213][train_inner][INFO] - {"epoch": 2, "update": 1.615, "loss": 0.01965903863310814, "d_loss": -0.0009462723392061889, "g_loss": 0.020605310797691345, "wps": "0.5", "ups": "0.14", "wpb": "4", "bsz": "4", "num_updates": "1090", "lr": "0", "gnorm": "0.274", "train_wall": "74", "wall": "10638"}
[2026-03-30 03:19:19,878][train_inner][INFO] - {"epoch": 2, "update": 1.63, "loss": 0.01952529326081276, "d_loss": -0.0011458307271823287, "g_loss": 0.020671123638749123, "wps": "0.6", "ups": "0.15", "wpb": "4", "bsz": "4", "num_updates": "1100", "lr": "0", "gnorm": "0.276", "train_wall": "68", "wall": "10706"}
[2026-03-30 03:20:31,705][train_inner][INFO] - {"epoch": 2, "update": 1.644, "loss": 0.019634386524558067, "d_loss": -0.0009986894438043237, "g_loss": 0.02063307724893093, "wps": "0.6", "ups": "0.14", "wpb": "4", "bsz": "4", "num_updates": "1110", "lr": "0", "gnorm": "0.274", "train_wall": "71", "wall": "10778"}
[2026-03-30 03:21:43,111][train_inner][INFO] - {"epoch": 2, "update": 1.659, "loss": 0.019637053832411766, "d_loss": -0.0009659286588430405, "g_loss": 0.020602982491254807, "wps": "0.6", "ups": "0.14", "wpb": "4", "bsz": "4", "num_updates": "1120", "lr": "0", "gnorm": "0.273", "train_wall": "71", "wall": "10850"}
[2026-03-30 03:23:00,873][train_inner][INFO] - {"epoch": 2, "update": 1.674, "loss": 0.019578179344534874, "d_loss": -0.0010236970847472548, "g_loss": 0.020601877942681313, "wps": "0.5", "ups": "0.13", "wpb": "4", "bsz": "4", "num_updates": "1130", "lr": "0", "gnorm": "0.276", "train_wall": "77", "wall": "10927"}
[2026-03-30 03:24:22,867][train_inner][INFO] - {"epoch": 2, "update": 1.689, "loss": 0.01956073008477688, "d_loss": -0.0010569806909188628, "g_loss": 0.020617712289094925, "wps": "0.5", "ups": "0.12", "wpb": "4", "bsz": "4", "num_updates": "1140", "lr": "0", "gnorm": "0.276", "train_wall": "82", "wall": "11009"}
[2026-03-30 03:25:37,276][train_inner][INFO] - {"epoch": 2, "update": 1.704, "loss": 0.019557863473892212, "d_loss": -0.001080773421563208, "g_loss": 0.020638633519411087, "wps": "0.5", "ups": "0.13", "wpb": "4", "bsz": "4", "num_updates": "1150", "lr": "0", "gnorm": "0.276", "train_wall": "74", "wall": "11084"}
[2026-03-30 03:26:50,368][train_inner][INFO] - {"epoch": 2, "update": 1.719, "loss": 0.019376322627067566, "d_loss": -0.0012114446144551039, "g_loss": 0.02058776654303074, "wps": "0.5", "ups": "0.14", "wpb": "4", "bsz": "4", "num_updates": "1160", "lr": "0", "gnorm": "0.28", "train_wall": "73", "wall": "11157"}
[2026-03-30 03:28:26,363][train_inner][INFO] - {"epoch": 2, "update": 1.733, "loss": 0.019563982263207436, "d_loss": -0.0010488027473911643, "g_loss": 0.02061278559267521, "wps": "0.4", "ups": "0.1", "wpb": "4", "bsz": "4", "num_updates": "1170", "lr": "0", "gnorm": "0.276", "train_wall": "96", "wall": "11253"}
[2026-03-30 03:29:34,804][train_inner][INFO] - {"epoch": 2, "update": 1.748, "loss": 0.019502153620123863, "d_loss": -0.0010916866594925523, "g_loss": 0.02059384062886238, "wps": "0.6", "ups": "0.15", "wpb": "4", "bsz": "4", "num_updates": "1180", "lr": "0", "gnorm": "0.275", "train_wall": "68", "wall": "11321"}
[2026-03-30 03:31:23,283][train_inner][INFO] - {"epoch": 2, "update": 1.763, "loss": 0.01960436999797821, "d_loss": -0.0010320140281692147, "g_loss": 0.020636383444070816, "wps": "0.4", "ups": "0.09", "wpb": "4", "bsz": "4", "num_updates": "1190", "lr": "0", "gnorm": "0.274", "train_wall": "108", "wall": "11430"}
[2026-03-30 03:32:52,387][train_inner][INFO] - {"epoch": 2, "update": 1.778, "loss": 0.019458340480923653, "d_loss": -0.0011089832987636328, "g_loss": 0.02056732401251793, "wps": "0.4", "ups": "0.11", "wpb": "4", "bsz": "4", "num_updates": "1200", "lr": "0", "gnorm": "0.279", "train_wall": "89", "wall": "11519"}
[2026-03-30 03:34:24,467][train_inner][INFO] - {"epoch": 2, "update": 1.793, "loss": 0.01964700222015381, "d_loss": -0.0009668722632341087, "g_loss": 0.02061387710273266, "wps": "0.4", "ups": "0.11", "wpb": "4", "bsz": "4", "num_updates": "1210", "lr": "0", "gnorm": "0.274", "train_wall": "92", "wall": "11611"}
[2026-03-30 03:35:49,879][train_inner][INFO] - {"epoch": 2, "update": 1.807, "loss": 0.019211655482649803, "d_loss": -0.0013901138445362449, "g_loss": 0.020601771771907806, "wps": "0.5", "ups": "0.12", "wpb": "4", "bsz": "4", "num_updates": "1220", "lr": "0", "gnorm": "0.285", "train_wall": "85", "wall": "11696"}
[2026-03-30 03:37:17,196][train_inner][INFO] - {"epoch": 2, "update": 1.822, "loss": 0.019405536353588104, "d_loss": -0.0011722065974026918, "g_loss": 0.020577741786837578, "wps": "0.5", "ups": "0.11", "wpb": "4", "bsz": "4", "num_updates": "1230", "lr": "0", "gnorm": "0.278", "train_wall": "87", "wall": "11784"}
[2026-03-30 03:38:11,658][train_inner][INFO] - {"epoch": 2, "update": 1.837, "loss": 0.01946730725467205, "d_loss": -0.0011440070811659098, "g_loss": 0.020611315965652466, "wps": "0.7", "ups": "0.18", "wpb": "4", "bsz": "4", "num_updates": "1240", "lr": "0", "gnorm": "0.276", "train_wall": "54", "wall": "11838"}
[2026-03-30 03:39:25,273][train_inner][INFO] - {"epoch": 2, "update": 1.852, "loss": 0.01967376470565796, "d_loss": -0.0009492374956607819, "g_loss": 0.02062300220131874, "wps": "0.5", "ups": "0.14", "wpb": "4", "bsz": "4", "num_updates": "1250", "lr": "0", "gnorm": "0.273", "train_wall": "73", "wall": "11912"}
[2026-03-30 03:40:38,365][train_inner][INFO] - {"epoch": 2, "update": 1.867, "loss": 0.019607018679380417, "d_loss": -0.0010179586242884398, "g_loss": 0.020624976605176926, "wps": "0.5", "ups": "0.14", "wpb": "4", "bsz": "4", "num_updates": "1260", "lr": "0", "gnorm": "0.277", "train_wall": "73", "wall": "11985"}
[2026-03-30 03:41:53,264][train_inner][INFO] - {"epoch": 2, "update": 1.881, "loss": 0.019559375941753387, "d_loss": -0.0010416058357805014, "g_loss": 0.02060098387300968, "wps": "0.5", "ups": "0.13", "wpb": "4", "bsz": "4", "num_updates": "1270", "lr": "0", "gnorm": "0.275", "train_wall": "75", "wall": "12060"}
[2026-03-30 03:42:57,686][train_inner][INFO] - {"epoch": 2, "update": 1.896, "loss": 0.019493574276566505, "d_loss": -0.0010997584322467446, "g_loss": 0.02059333585202694, "wps": "0.6", "ups": "0.16", "wpb": "4", "bsz": "4", "num_updates": "1280", "lr": "0", "gnorm": "0.277", "train_wall": "64", "wall": "12124"}
[2026-03-30 03:44:06,748][train_inner][INFO] - {"epoch": 2, "update": 1.911, "loss": 0.01964992843568325, "d_loss": -0.0009630998829379678, "g_loss": 0.02061302773654461, "wps": "0.6", "ups": "0.14", "wpb": "4", "bsz": "4", "num_updates": "1290", "lr": "0", "gnorm": "0.274", "train_wall": "69", "wall": "12193"}
[2026-03-30 03:44:56,774][train_inner][INFO] - {"epoch": 2, "update": 1.926, "loss": 0.019476251676678658, "d_loss": -0.0011304400395601988, "g_loss": 0.020606692880392075, "wps": "0.8", "ups": "0.2", "wpb": "4", "bsz": "4", "num_updates": "1300", "lr": "0", "gnorm": "0.278", "train_wall": "50", "wall": "12243"}
[2026-03-30 03:46:07,679][train_inner][INFO] - {"epoch": 2, "update": 1.941, "loss": 0.019549909979104996, "d_loss": -0.0010551770683377981, "g_loss": 0.02060508541762829, "wps": "0.6", "ups": "0.14", "wpb": "4", "bsz": "4", "num_updates": "1310", "lr": "0", "gnorm": "0.275", "train_wall": "71", "wall": "12314"}
[2026-03-30 03:47:12,781][train_inner][INFO] - {"epoch": 2, "update": 1.956, "loss": 0.019600939005613327, "d_loss": -0.0010186966974288225, "g_loss": 0.02061963640153408, "wps": "0.6", "ups": "0.15", "wpb": "4", "bsz": "4", "num_updates": "1320", "lr": "0", "gnorm": "0.275", "train_wall": "65", "wall": "12379"}
[2026-03-30 03:48:15,776][train_inner][INFO] - {"epoch": 2, "update": 1.97, "loss": 0.019368987530469894, "d_loss": -0.0012319935485720634, "g_loss": 0.020600982010364532, "wps": "0.6", "ups": "0.16", "wpb": "4", "bsz": "4", "num_updates": "1330", "lr": "0", "gnorm": "0.282", "train_wall": "63", "wall": "12442"}
[2026-03-30 03:49:22,529][train_inner][INFO] - {"epoch": 2, "update": 1.985, "loss": 0.01961449347436428, "d_loss": -0.0009772569173946977, "g_loss": 0.020591754466295242, "wps": "0.6", "ups": "0.15", "wpb": "4", "bsz": "4", "num_updates": "1340", "lr": "0", "gnorm": "0.274", "train_wall": "66", "wall": "12509"}
[2026-03-30 03:50:21,092][train_inner][INFO] - {"epoch": 2, "update": 2.0, "loss": 0.01960400864481926, "d_loss": -0.0009992578998208046, "g_loss": 0.02060326561331749, "wps": "0.7", "ups": "0.17", "wpb": "4", "bsz": "4", "num_updates": "1350", "lr": "0", "gnorm": "0.276", "train_wall": "58", "wall": "12568"}
[2026-03-30 03:50:21,127][fairseq_cli.train][INFO] - begin validation on "dev" subset
[2026-03-30 03:50:21,138][fairseq.tasks.fairseq_task][INFO] - can_reuse_epoch_itr = True
[2026-03-30 04:18:22,528][dev][INFO] - {"epoch": 2, "dev_loss": 0.019535379484295845, "dev_d_loss": -0.0010680390987545252, "dev_g_loss": 0.020603427663445473, "dev_wps": "1.6", "dev_wpb": "4", "dev_bsz": "4", "dev_num_updates": "1350"}
[2026-03-30 04:18:22,555][fairseq_cli.train][INFO] - end of epoch 2 (average epoch stats below)
[2026-03-30 04:18:22,560][train][INFO] - {"epoch": 2, "train_loss": 0.019543319940567017, "train_d_loss": -0.0010637720115482807, "train_g_loss": 0.020607106387615204, "train_wps": "0.4", "train_ups": "0.1", "train_wpb": "4", "train_bsz": "4", "train_num_updates": "1350", "train_lr": "0", "train_gnorm": "0.276", "train_train_wall": "5129", "train_wall": "14249"}
[2026-03-30 04:18:22,669][fairseq.tasks.fairseq_task][INFO] - can_reuse_epoch_itr = True
[2026-03-30 04:18:22,940][fairseq.data.iterators][INFO] - grouped total_num_itrs = 675
[2026-03-30 04:18:23,024][fairseq.trainer][INFO] - begin training epoch 3
[2026-03-30 04:18:23,027][fairseq_cli.train][INFO] - Start iterating over samples
[2026-03-30 04:19:51,620][train_inner][INFO] - {"epoch": 3, "update": 2.015, "loss": 0.019508201628923416, "d_loss": -0.0011145079042762518, "g_loss": 0.02062270976603031, "wps": "0", "ups": "0.01", "wpb": "4", "bsz": "4", "num_updates": "1360", "lr": "0", "gnorm": "0.278", "train_wall": "88", "wall": "14338"}
[2026-03-30 04:21:11,248][train_inner][INFO] - {"epoch": 3, "update": 2.03, "loss": 0.019598504528403282, "d_loss": -0.000987346051260829, "g_loss": 0.02058584988117218, "wps": "0.5", "ups": "0.13", "wpb": "4", "bsz": "4", "num_updates": "1370", "lr": "0", "gnorm": "0.276", "train_wall": "79", "wall": "14418"}
[2026-03-30 04:22:25,281][train_inner][INFO] - {"epoch": 3, "update": 2.044, "loss": 0.01946907676756382, "d_loss": -0.0011637641582638025, "g_loss": 0.02063284069299698, "wps": "0.5", "ups": "0.14", "wpb": "4", "bsz": "4", "num_updates": "1380", "lr": "0", "gnorm": "0.277", "train_wall": "74", "wall": "14492"}
[2026-03-30 04:23:49,673][train_inner][INFO] - {"epoch": 3, "update": 2.059, "loss": 0.019688118249177933, "d_loss": -0.0009338600793853402, "g_loss": 0.020621975883841515, "wps": "0.5", "ups": "0.12", "wpb": "4", "bsz": "4", "num_updates": "1390", "lr": "0", "gnorm": "0.273", "train_wall": "84", "wall": "14576"}
[2026-03-30 04:25:05,307][train_inner][INFO] - {"epoch": 3, "update": 2.074, "loss": 0.019573498517274857, "d_loss": -0.0010707449400797486, "g_loss": 0.02064424566924572, "wps": "0.5", "ups": "0.13", "wpb": "4", "bsz": "4", "num_updates": "1400", "lr": "0", "gnorm": "0.275", "train_wall": "75", "wall": "14652"}
[2026-03-30 04:26:18,415][train_inner][INFO] - {"epoch": 3, "update": 2.089, "loss": 0.019654756411910057, "d_loss": -0.0009466012706980109, "g_loss": 0.020601360127329826, "wps": "0.5", "ups": "0.14", "wpb": "4", "bsz": "4", "num_updates": "1410", "lr": "0", "gnorm": "0.273", "train_wall": "73", "wall": "14725"}
[2026-03-30 04:27:29,673][train_inner][INFO] - {"epoch": 3, "update": 2.104, "loss": 0.019477006047964096, "d_loss": -0.001084361458197236, "g_loss": 0.020561369135975838, "wps": "0.6", "ups": "0.14", "wpb": "4", "bsz": "4", "num_updates": "1420", "lr": "0", "gnorm": "0.275", "train_wall": "71", "wall": "14796"}
[2026-03-30 04:29:14,245][train_inner][INFO] - {"epoch": 3, "update": 2.119, "loss": 0.01949652098119259, "d_loss": -0.0011183219030499458, "g_loss": 0.02061484195291996, "wps": "0.4", "ups": "0.1", "wpb": "4", "bsz": "4", "num_updates": "1430", "lr": "0", "gnorm": "0.277", "train_wall": "104", "wall": "14901"}
[2026-03-30 04:31:00,021][train_inner][INFO] - {"epoch": 3, "update": 2.133, "loss": 0.019592490047216415, "d_loss": -0.0010342923924326897, "g_loss": 0.02062678150832653, "wps": "0.4", "ups": "0.09", "wpb": "4", "bsz": "4", "num_updates": "1440", "lr": "0", "gnorm": "0.276", "train_wall": "105", "wall": "15006"}
[2026-03-30 04:32:43,734][train_inner][INFO] - {"epoch": 3, "update": 2.148, "loss": 0.019399113953113556, "d_loss": -0.0012264394899830222, "g_loss": 0.020625552162528038, "wps": "0.4", "ups": "0.1", "wpb": "4", "bsz": "4", "num_updates": "1450", "lr": "0", "gnorm": "0.28", "train_wall": "103", "wall": "15110"}
[2026-03-30 04:34:16,860][train_inner][INFO] - {"epoch": 3, "update": 2.163, "loss": 0.019401706755161285, "d_loss": -0.001214619493111968, "g_loss": 0.020616328343749046, "wps": "0.4", "ups": "0.11", "wpb": "4", "bsz": "4", "num_updates": "1460", "lr": "0", "gnorm": "0.28", "train_wall": "93", "wall": "15203"}
[2026-03-30 04:35:22,812][train_inner][INFO] - {"epoch": 3, "update": 2.178, "loss": 0.019420698285102844, "d_loss": -0.001190190203487873, "g_loss": 0.020610887557268143, "wps": "0.6", "ups": "0.15", "wpb": "4", "bsz": "4", "num_updates": "1470", "lr": "0", "gnorm": "0.277", "train_wall": "66", "wall": "15269"}
[2026-03-30 04:37:28,248][train_inner][INFO] - {"epoch": 3, "update": 2.193, "loss": 0.019660908728837967, "d_loss": -0.0009615674498490989, "g_loss": 0.020622478798031807, "wps": "0.3", "ups": "0.08", "wpb": "4", "bsz": "4", "num_updates": "1480", "lr": "0", "gnorm": "0.272", "train_wall": "125", "wall": "15395"}
[2026-03-30 04:38:44,169][train_inner][INFO] - {"epoch": 3, "update": 2.207, "loss": 0.0195796936750412, "d_loss": -0.0009790223557502031, "g_loss": 0.020558714866638184, "wps": "0.5", "ups": "0.13", "wpb": "4", "bsz": "4", "num_updates": "1490", "lr": "0", "gnorm": "0.275", "train_wall": "76", "wall": "15471"}
[2026-03-30 04:40:27,049][train_inner][INFO] - {"epoch": 3, "update": 2.222, "loss": 0.01958753541111946, "d_loss": -0.0010194440837949514, "g_loss": 0.020606979727745056, "wps": "0.4", "ups": "0.1", "wpb": "4", "bsz": "4", "num_updates": "1500", "lr": "0", "gnorm": "0.276", "train_wall": "103", "wall": "15573"}
[2026-03-30 04:42:04,576][train_inner][INFO] - {"epoch": 3, "update": 2.237, "loss": 0.01932215876877308, "d_loss": -0.001276807626709342, "g_loss": 0.020598966628313065, "wps": "0.4", "ups": "0.1", "wpb": "4", "bsz": "4", "num_updates": "1510", "lr": "0", "gnorm": "0.28", "train_wall": "97", "wall": "15671"}
[2026-03-30 04:43:37,960][train_inner][INFO] - {"epoch": 3, "update": 2.252, "loss": 0.019467279314994812, "d_loss": -0.001109384000301361, "g_loss": 0.020576661452651024, "wps": "0.4", "ups": "0.11", "wpb": "4", "bsz": "4", "num_updates": "1520", "lr": "0", "gnorm": "0.277", "train_wall": "93", "wall": "15764"}
[2026-03-30 04:44:53,782][train_inner][INFO] - {"epoch": 3, "update": 2.267, "loss": 0.019633647054433823, "d_loss": -0.0009891691152006388, "g_loss": 0.020622817799448967, "wps": "0.5", "ups": "0.13", "wpb": "4", "bsz": "4", "num_updates": "1530", "lr": "0", "gnorm": "0.276", "train_wall": "75", "wall": "15840"}
[2026-03-30 04:46:01,583][train_inner][INFO] - {"epoch": 3, "update": 2.281, "loss": 0.0193247739225626, "d_loss": -0.0012887592893093824, "g_loss": 0.02061353251338005, "wps": "0.6", "ups": "0.15", "wpb": "4", "bsz": "4", "num_updates": "1540", "lr": "0", "gnorm": "0.279", "train_wall": "67", "wall": "15908"}
[2026-03-30 04:47:31,898][train_inner][INFO] - {"epoch": 3, "update": 2.296, "loss": 0.01959298364818096, "d_loss": -0.0009930282831192017, "g_loss": 0.020586010068655014, "wps": "0.4", "ups": "0.11", "wpb": "4", "bsz": "4", "num_updates": "1550", "lr": "0", "gnorm": "0.273", "train_wall": "90", "wall": "15998"}
[2026-03-30 04:48:34,324][train_inner][INFO] - {"epoch": 3, "update": 2.311, "loss": 0.01946858875453472, "d_loss": -0.0011160739231854677, "g_loss": 0.02058466337621212, "wps": "0.6", "ups": "0.16", "wpb": "4", "bsz": "4", "num_updates": "1560", "lr": "0", "gnorm": "0.28", "train_wall": "62", "wall": "16061"}
[2026-03-30 04:49:47,531][train_inner][INFO] - {"epoch": 3, "update": 2.326, "loss": 0.019520768895745277, "d_loss": -0.001073027029633522, "g_loss": 0.0205937959253788, "wps": "0.5", "ups": "0.14", "wpb": "4", "bsz": "4", "num_updates": "1570", "lr": "0", "gnorm": "0.276", "train_wall": "73", "wall": "16134"}
[2026-03-30 04:51:14,800][train_inner][INFO] - {"epoch": 3, "update": 2.341, "loss": 0.01951880380511284, "d_loss": -0.0011093344073742628, "g_loss": 0.02062813751399517, "wps": "0.5", "ups": "0.11", "wpb": "4", "bsz": "4", "num_updates": "1580", "lr": "0", "gnorm": "0.278", "train_wall": "87", "wall": "16221"}
[2026-03-30 04:51:59,949][train_inner][INFO] - {"epoch": 3, "update": 2.356, "loss": 0.01946709118783474, "d_loss": -0.0011622884776443243, "g_loss": 0.020629379898309708, "wps": "0.9", "ups": "0.22", "wpb": "4", "bsz": "4", "num_updates": "1590", "lr": "0", "gnorm": "0.279", "train_wall": "45", "wall": "16266"}
[2026-03-30 04:53:04,631][train_inner][INFO] - {"epoch": 3, "update": 2.37, "loss": 0.019426312297582626, "d_loss": -0.0011765860253944993, "g_loss": 0.02060290053486824, "wps": "0.6", "ups": "0.15", "wpb": "4", "bsz": "4", "num_updates": "1600", "lr": "0", "gnorm": "0.279", "train_wall": "64", "wall": "16331"}
[2026-03-30 04:54:05,399][train_inner][INFO] - {"epoch": 3, "update": 2.385, "loss": 0.01938069798052311, "d_loss": -0.0012214146554470062, "g_loss": 0.020602110773324966, "wps": "0.7", "ups": "0.16", "wpb": "4", "bsz": "4", "num_updates": "1610", "lr": "0", "gnorm": "0.28", "train_wall": "61", "wall": "16392"}
[2026-03-30 04:55:13,621][train_inner][INFO] - {"epoch": 3, "update": 2.4, "loss": 0.019396623596549034, "d_loss": -0.0011622462188825011, "g_loss": 0.02055887132883072, "wps": "0.6", "ups": "0.15", "wpb": "4", "bsz": "4", "num_updates": "1620", "lr": "0", "gnorm": "0.279", "train_wall": "68", "wall": "16460"}
[2026-03-30 04:56:26,407][train_inner][INFO] - {"epoch": 3, "update": 2.415, "loss": 0.019501900300383568, "d_loss": -0.0010694327065721154, "g_loss": 0.020571332424879074, "wps": "0.5", "ups": "0.14", "wpb": "4", "bsz": "4", "num_updates": "1630", "lr": "0", "gnorm": "0.277", "train_wall": "73", "wall": "16533"}
[2026-03-30 04:57:34,882][train_inner][INFO] - {"epoch": 3, "update": 2.43, "loss": 0.019393807277083397, "d_loss": -0.0012203825172036886, "g_loss": 0.02061419002711773, "wps": "0.6", "ups": "0.15", "wpb": "4", "bsz": "4", "num_updates": "1640", "lr": "0", "gnorm": "0.279", "train_wall": "68", "wall": "16601"}
[2026-03-30 04:58:56,995][train_inner][INFO] - {"epoch": 3, "update": 2.444, "loss": 0.019625486806035042, "d_loss": -0.0009788267780095339, "g_loss": 0.020604312419891357, "wps": "0.5", "ups": "0.12", "wpb": "4", "bsz": "4", "num_updates": "1650", "lr": "0", "gnorm": "0.273", "train_wall": "82", "wall": "16683"}
[2026-03-30 05:00:24,780][train_inner][INFO] - {"epoch": 3, "update": 2.459, "loss": 0.01950305886566639, "d_loss": -0.0011186311021447182, "g_loss": 0.020621689036488533, "wps": "0.5", "ups": "0.11", "wpb": "4", "bsz": "4", "num_updates": "1660", "lr": "0", "gnorm": "0.277", "train_wall": "87", "wall": "16771"}
[2026-03-30 05:01:31,074][train_inner][INFO] - {"epoch": 3, "update": 2.474, "loss": 0.019502323120832443, "d_loss": -0.0010832184925675392, "g_loss": 0.020585544407367706, "wps": "0.6", "ups": "0.15", "wpb": "4", "bsz": "4", "num_updates": "1670", "lr": "0", "gnorm": "0.278", "train_wall": "66", "wall": "16838"}
[2026-03-30 05:02:23,820][train_inner][INFO] - {"epoch": 3, "update": 2.489, "loss": 0.019445311278104782, "d_loss": -0.0011398994829505682, "g_loss": 0.020585210993885994, "wps": "0.8", "ups": "0.19", "wpb": "4", "bsz": "4", "num_updates": "1680", "lr": "0", "gnorm": "0.276", "train_wall": "53", "wall": "16890"}
[2026-03-30 05:03:25,128][train_inner][INFO] - {"epoch": 3, "update": 2.504, "loss": 0.019674234092235565, "d_loss": -0.0009266299894079566, "g_loss": 0.02060086466372013, "wps": "0.7", "ups": "0.16", "wpb": "4", "bsz": "4", "num_updates": "1690", "lr": "0", "gnorm": "0.273", "train_wall": "61", "wall": "16952"}
[2026-03-30 05:04:22,205][train_inner][INFO] - {"epoch": 3, "update": 2.519, "loss": 0.019404593855142593, "d_loss": -0.0011875482741743326, "g_loss": 0.020592141896486282, "wps": "0.7", "ups": "0.18", "wpb": "4", "bsz": "4", "num_updates": "1700", "lr": "0", "gnorm": "0.281", "train_wall": "57", "wall": "17009"}
[2026-03-30 05:05:42,953][train_inner][INFO] - {"epoch": 3, "update": 2.533, "loss": 0.019544590264558792, "d_loss": -0.001054307445883751, "g_loss": 0.020598897710442543, "wps": "0.5", "ups": "0.12", "wpb": "4", "bsz": "4", "num_updates": "1710", "lr": "0", "gnorm": "0.276", "train_wall": "80", "wall": "17089"}
[2026-03-30 05:07:25,150][train_inner][INFO] - {"epoch": 3, "update": 2.548, "loss": 0.019540542736649513, "d_loss": -0.0010792009998112917, "g_loss": 0.020619744434952736, "wps": "0.4", "ups": "0.1", "wpb": "4", "bsz": "4", "num_updates": "1720", "lr": "0", "gnorm": "0.275", "train_wall": "102", "wall": "17192"}
[2026-03-30 05:08:49,844][train_inner][INFO] - {"epoch": 3, "update": 2.563, "loss": 0.019720111042261124, "d_loss": -0.0008821549126878381, "g_loss": 0.020602263510227203, "wps": "0.5", "ups": "0.12", "wpb": "4", "bsz": "4", "num_updates": "1730", "lr": "0", "gnorm": "0.274", "train_wall": "84", "wall": "17276"}
[2026-03-30 05:10:22,209][train_inner][INFO] - {"epoch": 3, "update": 2.578, "loss": 0.01948869787156582, "d_loss": -0.0011463186237961054, "g_loss": 0.02063501626253128, "wps": "0.4", "ups": "0.11", "wpb": "4", "bsz": "4", "num_updates": "1740", "lr": "0", "gnorm": "0.277", "train_wall": "92", "wall": "17369"}
[2026-03-30 05:11:35,670][train_inner][INFO] - {"epoch": 3, "update": 2.593, "loss": 0.019594263285398483, "d_loss": -0.0010269557824358344, "g_loss": 0.020621219649910927, "wps": "0.5", "ups": "0.14", "wpb": "4", "bsz": "4", "num_updates": "1750", "lr": "0", "gnorm": "0.274", "train_wall": "73", "wall": "17442"}
[2026-03-30 05:13:04,153][train_inner][INFO] - {"epoch": 3, "update": 2.607, "loss": 0.019637957215309143, "d_loss": -0.0009586451342329383, "g_loss": 0.02059660479426384, "wps": "0.5", "ups": "0.11", "wpb": "4", "bsz": "4", "num_updates": "1760", "lr": "0", "gnorm": "0.273", "train_wall": "88", "wall": "17531"}
[2026-03-30 05:14:04,207][train_inner][INFO] - {"epoch": 3, "update": 2.622, "loss": 0.01953240856528282, "d_loss": -0.0010848017409443855, "g_loss": 0.020617211237549782, "wps": "0.7", "ups": "0.17", "wpb": "4", "bsz": "4", "num_updates": "1770", "lr": "0", "gnorm": "0.274", "train_wall": "60", "wall": "17591"}
[2026-03-30 05:15:36,777][train_inner][INFO] - {"epoch": 3, "update": 2.637, "loss": 0.01975926384329796, "d_loss": -0.0008464629063382745, "g_loss": 0.020605724304914474, "wps": "0.4", "ups": "0.11", "wpb": "4", "bsz": "4", "num_updates": "1780", "lr": "0", "gnorm": "0.27", "train_wall": "92", "wall": "17683"}
[2026-03-30 05:16:56,927][train_inner][INFO] - {"epoch": 3, "update": 2.652, "loss": 0.019528673961758614, "d_loss": -0.0010780876036733389, "g_loss": 0.020606761798262596, "wps": "0.5", "ups": "0.12", "wpb": "4", "bsz": "4", "num_updates": "1790", "lr": "0", "gnorm": "0.278", "train_wall": "80", "wall": "17763"}
[2026-03-30 05:18:11,800][train_inner][INFO] - {"epoch": 3, "update": 2.667, "loss": 0.019634120166301727, "d_loss": -0.000971065484918654, "g_loss": 0.020605186000466347, "wps": "0.5", "ups": "0.13", "wpb": "4", "bsz": "4", "num_updates": "1800", "lr": "0", "gnorm": "0.274", "train_wall": "75", "wall": "17838"}
[2026-03-30 05:19:14,931][train_inner][INFO] - {"epoch": 3, "update": 2.681, "loss": 0.019754350185394287, "d_loss": -0.0008564692107029259, "g_loss": 0.02061082236468792, "wps": "0.6", "ups": "0.16", "wpb": "4", "bsz": "4", "num_updates": "1810", "lr": "0", "gnorm": "0.273", "train_wall": "63", "wall": "17901"}
[2026-03-30 05:20:02,568][train_inner][INFO] - {"epoch": 3, "update": 2.696, "loss": 0.019623396918177605, "d_loss": -0.0009818875696510077, "g_loss": 0.020605284720659256, "wps": "0.8", "ups": "0.21", "wpb": "4", "bsz": "4", "num_updates": "1820", "lr": "0", "gnorm": "0.278", "train_wall": "47", "wall": "17949"}
[2026-03-30 05:21:15,380][train_inner][INFO] - {"epoch": 3, "update": 2.711, "loss": 0.01969457045197487, "d_loss": -0.0009349466999992728, "g_loss": 0.02062951773405075, "wps": "0.5", "ups": "0.14", "wpb": "4", "bsz": "4", "num_updates": "1830", "lr": "0", "gnorm": "0.273", "train_wall": "73", "wall": "18022"}
[2026-03-30 05:22:28,638][train_inner][INFO] - {"epoch": 3, "update": 2.726, "loss": 0.01946292258799076, "d_loss": -0.0011758480686694384, "g_loss": 0.02063877321779728, "wps": "0.5", "ups": "0.14", "wpb": "4", "bsz": "4", "num_updates": "1840", "lr": "0", "gnorm": "0.278", "train_wall": "73", "wall": "18095"}
[2026-03-30 05:23:46,273][train_inner][INFO] - {"epoch": 3, "update": 2.741, "loss": 0.01952517032623291, "d_loss": -0.0010810276726260781, "g_loss": 0.020606201142072678, "wps": "0.5", "ups": "0.13", "wpb": "4", "bsz": "4", "num_updates": "1850", "lr": "0", "gnorm": "0.276", "train_wall": "77", "wall": "18173"}
[2026-03-30 05:24:54,040][train_inner][INFO] - {"epoch": 3, "update": 2.756, "loss": 0.01933610998094082, "d_loss": -0.0012943701585754752, "g_loss": 0.020630478858947754, "wps": "0.6", "ups": "0.15", "wpb": "4", "bsz": "4", "num_updates": "1860", "lr": "0", "gnorm": "0.282", "train_wall": "67", "wall": "18241"}
[2026-03-30 05:26:42,534][train_inner][INFO] - {"epoch": 3, "update": 2.77, "loss": 0.019441043958067894, "d_loss": -0.0011577861150726676, "g_loss": 0.02059883251786232, "wps": "0.4", "ups": "0.09", "wpb": "4", "bsz": "4", "num_updates": "1870", "lr": "0", "gnorm": "0.277", "train_wall": "108", "wall": "18349"}
[2026-03-30 05:27:56,516][train_inner][INFO] - {"epoch": 3, "update": 2.785, "loss": 0.019661512225866318, "d_loss": -0.0009620186174288392, "g_loss": 0.020623531192541122, "wps": "0.5", "ups": "0.14", "wpb": "4", "bsz": "4", "num_updates": "1880", "lr": "0", "gnorm": "0.272", "train_wall": "74", "wall": "18423"}
[2026-03-30 05:29:25,907][train_inner][INFO] - {"epoch": 3, "update": 2.8, "loss": 0.019453242421150208, "d_loss": -0.0011713339481502771, "g_loss": 0.020624574273824692, "wps": "0.4", "ups": "0.11", "wpb": "4", "bsz": "4", "num_updates": "1890", "lr": "0", "gnorm": "0.279", "train_wall": "89", "wall": "18512"}
[2026-03-30 05:30:29,497][train_inner][INFO] - {"epoch": 3, "update": 2.815, "loss": 0.01953311823308468, "d_loss": -0.001061008544638753, "g_loss": 0.020594127476215363, "wps": "0.6", "ups": "0.16", "wpb": "4", "bsz": "4", "num_updates": "1900", "lr": "0", "gnorm": "0.279", "train_wall": "63", "wall": "18576"}
[2026-03-30 05:31:10,759][train_inner][INFO] - {"epoch": 3, "update": 2.83, "loss": 0.019496751949191093, "d_loss": -0.0011227931827306747, "g_loss": 0.020619545131921768, "wps": "1", "ups": "0.24", "wpb": "4", "bsz": "4", "num_updates": "1910", "lr": "0", "gnorm": "0.277", "train_wall": "41", "wall": "18617"}
[2026-03-30 05:32:24,065][train_inner][INFO] - {"epoch": 3, "update": 2.844, "loss": 0.01967817358672619, "d_loss": -0.0009203102672472596, "g_loss": 0.020598482340574265, "wps": "0.5", "ups": "0.14", "wpb": "4", "bsz": "4", "num_updates": "1920", "lr": "0", "gnorm": "0.275", "train_wall": "73", "wall": "18691"}
[2026-03-30 05:33:30,191][train_inner][INFO] - {"epoch": 3, "update": 2.859, "loss": 0.019659265875816345, "d_loss": -0.0009572457638569176, "g_loss": 0.02061651274561882, "wps": "0.6", "ups": "0.15", "wpb": "4", "bsz": "4", "num_updates": "1930", "lr": "0", "gnorm": "0.274", "train_wall": "66", "wall": "18757"}
[2026-03-30 05:35:08,138][train_inner][INFO] - {"epoch": 3, "update": 2.874, "loss": 0.01959330216050148, "d_loss": -0.0010116422781720757, "g_loss": 0.020604943856596947, "wps": "0.4", "ups": "0.1", "wpb": "4", "bsz": "4", "num_updates": "1940", "lr": "0", "gnorm": "0.276", "train_wall": "98", "wall": "18855"}
[2026-03-30 05:37:02,981][train_inner][INFO] - {"epoch": 3, "update": 2.889, "loss": 0.019480906426906586, "d_loss": -0.0011172732338309288, "g_loss": 0.02059817686676979, "wps": "0.3", "ups": "0.09", "wpb": "4", "bsz": "4", "num_updates": "1950", "lr": "0", "gnorm": "0.277", "train_wall": "115", "wall": "18969"}
[2026-03-30 05:38:02,943][train_inner][INFO] - {"epoch": 3, "update": 2.904, "loss": 0.0195934921503067, "d_loss": -0.000995176495052874, "g_loss": 0.020588669925928116, "wps": "0.7", "ups": "0.17", "wpb": "4", "bsz": "4", "num_updates": "1960", "lr": "0", "gnorm": "0.273", "train_wall": "60", "wall": "19029"}
[2026-03-30 05:39:16,301][train_inner][INFO] - {"epoch": 3, "update": 2.919, "loss": 0.019489817321300507, "d_loss": -0.0011289082467556, "g_loss": 0.020618729293346405, "wps": "0.5", "ups": "0.14", "wpb": "4", "bsz": "4", "num_updates": "1970", "lr": "0", "gnorm": "0.278", "train_wall": "73", "wall": "19103"}
[2026-03-30 05:40:47,352][train_inner][INFO] - {"epoch": 3, "update": 2.933, "loss": 0.019552621990442276, "d_loss": -0.0010396952275186777, "g_loss": 0.02059231698513031, "wps": "0.4", "ups": "0.11", "wpb": "4", "bsz": "4", "num_updates": "1980", "lr": "0", "gnorm": "0.275", "train_wall": "91", "wall": "19194"}
[2026-03-30 05:42:16,891][train_inner][INFO] - {"epoch": 3, "update": 2.948, "loss": 0.019528020173311234, "d_loss": -0.0010708266636356711, "g_loss": 0.020598847419023514, "wps": "0.4", "ups": "0.11", "wpb": "4", "bsz": "4", "num_updates": "1990", "lr": "0", "gnorm": "0.275", "train_wall": "89", "wall": "19283"}
[2026-03-30 05:43:29,324][train_inner][INFO] - {"epoch": 3, "update": 2.963, "loss": 0.019608164206147194, "d_loss": -0.0010152701288461685, "g_loss": 0.020623432472348213, "wps": "0.6", "ups": "0.14", "wpb": "4", "bsz": "4", "num_updates": "2000", "lr": "0", "gnorm": "0.275", "train_wall": "72", "wall": "19356"}
[2026-03-30 05:43:29,329][fairseq_cli.train][INFO] - Stopping training due to num_updates: 2000 >= max_update: 2000
[2026-03-30 05:43:29,334][fairseq_cli.train][INFO] - begin validation on "dev" subset
[2026-03-30 05:43:29,369][fairseq.tasks.fairseq_task][INFO] - can_reuse_epoch_itr = True
[2026-03-30 06:11:08,533][dev][INFO] - {"epoch": 3, "dev_loss": 0.019544335082173347, "dev_d_loss": -0.0010683086002245545, "dev_g_loss": 0.020612630993127823, "dev_wps": "1.6", "dev_wpb": "4", "dev_bsz": "4", "dev_num_updates": "2000"}
[2026-03-30 06:11:08,737][fairseq.checkpoint_utils][INFO] - Preparing to save checkpoint for epoch 3 @ 2000 updates
[2026-03-30 06:11:08,755][fairseq.trainer][INFO] - Saving checkpoint to /root/wav2vec_unsupervised/outputs/2026-03-29/23-53-30/checkpoint_best.pt
[2026-03-30 06:11:10,231][fairseq.trainer][INFO] - Finished saving checkpoint to /root/wav2vec_unsupervised/outputs/2026-03-29/23-53-30/checkpoint_best.pt
[2026-03-30 06:11:11,037][fairseq.checkpoint_utils][INFO] - Saved checkpoint ./checkpoint_best.pt (epoch 3 @ 2000 updates, score 0.019544335082173347) (writing took 2.299725335000403 seconds)
[2026-03-30 06:11:11,045][fairseq_cli.train][INFO] - end of epoch 3 (average epoch stats below)
[2026-03-30 06:11:11,047][train][INFO] - {"epoch": 3, "train_loss": 0.01953575760126114, "train_d_loss": -0.001071254606358707, "train_g_loss": 0.02060701884329319, "train_wps": "0.4", "train_ups": "0.1", "train_wpb": "4", "train_bsz": "4", "train_num_updates": "2000", "train_lr": "0", "train_gnorm": "0.276", "train_train_wall": "5086", "train_wall": "21018"}
[2026-03-30 06:11:11,063][fairseq_cli.train][INFO] - done training in 21009.0 seconds
